<?xml version="1.0" encoding="UTF-8"?>
<testsuite xmlns:xsi="http://www.w3.org/2001/XMLSchema-instance" xsi:noNamespaceSchemaLocation="https://maven.apache.org/surefire/maven-surefire-plugin/xsd/surefire-test-report-3.0.xsd" version="3.0" name="Test.TestRequest" time="0.305" tests="1" errors="0" skipped="0" failures="0">
  <properties>
[...]
</properties>
  <testcase name="test" classname="Test.TestRequest" time="0.032">
    <system-out><![CDATA[BeforeClass: Test initialized
Hibernate: 
    select
        request0_.id as id1_2_,
        request0_.club_name as club_nam2_2_,
        request0_.coach_id as coach_id3_2_,
        request0_.player_id as player_i4_2_,
        request0_.status as status5_2_ 
    from
        requests request0_ 
    where
        player_id=? 
        and coach_id=?
Hibernate: 
    select
        request0_.id as id1_2_,
        request0_.club_name as club_nam2_2_,
        request0_.coach_id as coach_id3_2_,
        request0_.player_id as player_i4_2_,
        request0_.status as status5_2_ 
    from
        requests request0_ 
    where
        player_id=? 
        and coach_id=?
Before: Request does not exist for Player ID : 41
Before: Request exist for Player ID : 39
Hibernate: 
    select
        player0_.id as id1_1_0_,
        player0_.email_address as email_ad2_1_0_,
        player0_.first_name as first_na3_1_0_,
        player0_.fixed_phone as fixed_ph4_1_0_,
        player0_.jmbg as jmbg5_1_0_,
        player0_.last_name as last_nam6_1_0_,
        player0_.mobile_phone as mobile_p7_1_0_,
        player0_.place_address as place_ad8_1_0_ 
    from
        players player0_ 
    where
        player0_.id=?
Hibernate: 
    select
        coach0_.id as id1_0_0_,
        coach0_.email_address as email_ad2_0_0_,
        coach0_.first_name as first_na3_0_0_,
        coach0_.fixed_phone as fixed_ph4_0_0_,
        coach0_.jmbg as jmbg5_0_0_,
        coach0_.last_name as last_nam6_0_0_,
        coach0_.mobile_phone as mobile_p7_0_0_,
        coach0_.place_address as place_ad8_0_0_,
        coach0_.username as username9_0_0_ 
    from
        coaches coach0_ 
    where
        coach0_.id=?
Hibernate: 
    select
        request0_.id as id1_2_,
        request0_.club_name as club_nam2_2_,
        request0_.coach_id as coach_id3_2_,
        request0_.player_id as player_i4_2_,
        request0_.status as status5_2_ 
    from
        requests request0_ 
    where
        player_id=? 
        and coach_id=?
Hibernate: 
    insert 
    into
        requests
        (club_name, coach_id, player_id, status) 
    values
        (?, ?, ?, ?)
Hibernate: 
    select
        request0_.id as id1_2_,
        request0_.club_name as club_nam2_2_,
        request0_.coach_id as coach_id3_2_,
        request0_.player_id as player_i4_2_,
        request0_.status as status5_2_ 
    from
        requests request0_ 
    where
        player_id=? 
        and coach_id=?
Hibernate: 
    update
        requests 
    set
        club_name=?,
        coach_id=?,
        player_id=?,
        status=? 
    where
        id=?
Test initialized
Hibernate: 
    select
        request0_.id as id1_2_,
        request0_.club_name as club_nam2_2_,
        request0_.coach_id as coach_id3_2_,
        request0_.player_id as player_i4_2_,
        request0_.status as status5_2_ 
    from
        requests request0_ 
    where
        player_id=? 
        and coach_id=?
Hibernate: 
    select
        request0_.id as id1_2_,
        request0_.club_name as club_nam2_2_,
        request0_.coach_id as coach_id3_2_,
        request0_.player_id as player_i4_2_,
        request0_.status as status5_2_ 
    from
        requests request0_ 
    where
        player_id=? 
        and coach_id=?
After: Request exist for Player ID : 41
After: Request with Player ID : 39 changed status to : Odobren 
]]></system-out>
    <system-err><![CDATA[??? 12, 2024 1:50:10 PM org.hibernate.jpa.internal.util.LogHelper logPersistenceUnitInformation
INFO: HHH000204: Processing PersistenceUnitInfo [name: FudbalskiSavezPU]
??? 12, 2024 1:50:10 PM org.hibernate.engine.jdbc.connections.internal.DriverManagerConnectionProviderImpl configure
WARN: HHH10001002: Using Hibernate built-in connection pool (not for production use!)
??? 12, 2024 1:50:10 PM org.hibernate.engine.jdbc.connections.internal.DriverManagerConnectionProviderImpl buildCreator
INFO: HHH10001005: using driver [com.mysql.cj.jdbc.Driver] at URL [jdbc:mysql://localhost:3307/baza2]
??? 12, 2024 1:50:10 PM org.hibernate.engine.jdbc.connections.internal.DriverManagerConnectionProviderImpl buildCreator
INFO: HHH10001001: Connection properties: {user=root, password=****}
??? 12, 2024 1:50:10 PM org.hibernate.engine.jdbc.connections.internal.DriverManagerConnectionProviderImpl buildCreator
INFO: HHH10001003: Autocommit mode: false
??? 12, 2024 1:50:10 PM org.hibernate.engine.jdbc.connections.internal.DriverManagerConnectionProviderImpl$PooledConnections <init>
INFO: HHH000115: Hibernate connection pool size: 20 (min=1)
??? 12, 2024 1:50:10 PM org.hibernate.dialect.Dialect <init>
INFO: HHH000400: Using dialect: org.hibernate.dialect.MySQL57Dialect
??? 12, 2024 1:50:10 PM org.hibernate.resource.transaction.backend.jdbc.internal.DdlTransactionIsolatorNonJtaImpl getIsolatedConnection
INFO: HHH10001501: Connection obtained from JdbcConnectionAccess [org.hibernate.engine.jdbc.env.internal.JdbcEnvironmentInitiator$ConnectionProviderJdbcConnectionAccess@77e7246b] for (non-JTA) DDL execution was not in auto-commit mode; the Connection 'local transaction' will be committed and the Connection will be set into auto-commit mode.
??? 12, 2024 1:50:10 PM org.hibernate.engine.transaction.jta.platform.internal.JtaPlatformInitiator initiateService
INFO: HHH000490: Using JtaPlatform implementation: [org.hibernate.engine.transaction.jta.platform.internal.NoJtaPlatform]
??? 12, 2024 1:50:10 PM org.hibernate.jpa.internal.util.LogHelper logPersistenceUnitInformation
INFO: HHH000204: Processing PersistenceUnitInfo [name: FudbalskiSavezPU]
??? 12, 2024 1:50:10 PM org.hibernate.engine.jdbc.connections.internal.DriverManagerConnectionProviderImpl configure
WARN: HHH10001002: Using Hibernate built-in connection pool (not for production use!)
??? 12, 2024 1:50:10 PM org.hibernate.engine.jdbc.connections.internal.DriverManagerConnectionProviderImpl buildCreator
INFO: HHH10001005: using driver [com.mysql.cj.jdbc.Driver] at URL [jdbc:mysql://localhost:3307/baza2]
??? 12, 2024 1:50:10 PM org.hibernate.engine.jdbc.connections.internal.DriverManagerConnectionProviderImpl buildCreator
INFO: HHH10001001: Connection properties: {user=root, password=****}
??? 12, 2024 1:50:10 PM org.hibernate.engine.jdbc.connections.internal.DriverManagerConnectionProviderImpl buildCreator
INFO: HHH10001003: Autocommit mode: false
??? 12, 2024 1:50:10 PM org.hibernate.engine.jdbc.connections.internal.DriverManagerConnectionProviderImpl$PooledConnections <init>
INFO: HHH000115: Hibernate connection pool size: 20 (min=1)
??? 12, 2024 1:50:10 PM org.hibernate.dialect.Dialect <init>
INFO: HHH000400: Using dialect: org.hibernate.dialect.MySQL57Dialect
??? 12, 2024 1:50:10 PM org.hibernate.resource.transaction.backend.jdbc.internal.DdlTransactionIsolatorNonJtaImpl getIsolatedConnection
INFO: HHH10001501: Connection obtained from JdbcConnectionAccess [org.hibernate.engine.jdbc.env.internal.JdbcEnvironmentInitiator$ConnectionProviderJdbcConnectionAccess@6c42f2a1] for (non-JTA) DDL execution was not in auto-commit mode; the Connection 'local transaction' will be committed and the Connection will be set into auto-commit mode.
??? 12, 2024 1:50:10 PM org.hibernate.engine.transaction.jta.platform.internal.JtaPlatformInitiator initiateService
INFO: HHH000490: Using JtaPlatform implementation: [org.hibernate.engine.transaction.jta.platform.internal.NoJtaPlatform]
??? 12, 2024 1:50:10 PM org.hibernate.jpa.internal.util.LogHelper logPersistenceUnitInformation
INFO: HHH000204: Processing PersistenceUnitInfo [name: FudbalskiSavezPU]
??? 12, 2024 1:50:10 PM org.hibernate.engine.jdbc.connections.internal.DriverManagerConnectionProviderImpl configure
WARN: HHH10001002: Using Hibernate built-in connection pool (not for production use!)
??? 12, 2024 1:50:10 PM org.hibernate.engine.jdbc.connections.internal.DriverManagerConnectionProviderImpl buildCreator
INFO: HHH10001005: using driver [com.mysql.cj.jdbc.Driver] at URL [jdbc:mysql://localhost:3307/baza2]
??? 12, 2024 1:50:10 PM org.hibernate.engine.jdbc.connections.internal.DriverManagerConnectionProviderImpl buildCreator
INFO: HHH10001001: Connection properties: {user=root, password=****}
??? 12, 2024 1:50:10 PM org.hibernate.engine.jdbc.connections.internal.DriverManagerConnectionProviderImpl buildCreator
INFO: HHH10001003: Autocommit mode: false
??? 12, 2024 1:50:10 PM org.hibernate.engine.jdbc.connections.internal.DriverManagerConnectionProviderImpl$PooledConnections <init>
INFO: HHH000115: Hibernate connection pool size: 20 (min=1)
??? 12, 2024 1:50:10 PM org.hibernate.dialect.Dialect <init>
INFO: HHH000400: Using dialect: org.hibernate.dialect.MySQL57Dialect
??? 12, 2024 1:50:10 PM org.hibernate.resource.transaction.backend.jdbc.internal.DdlTransactionIsolatorNonJtaImpl getIsolatedConnection
INFO: HHH10001501: Connection obtained from JdbcConnectionAccess [org.hibernate.engine.jdbc.env.internal.JdbcEnvironmentInitiator$ConnectionProviderJdbcConnectionAccess@63b3ee82] for (non-JTA) DDL execution was not in auto-commit mode; the Connection 'local transaction' will be committed and the Connection will be set into auto-commit mode.
??? 12, 2024 1:50:10 PM org.hibernate.engine.transaction.jta.platform.internal.JtaPlatformInitiator initiateService
INFO: HHH000490: Using JtaPlatform implementation: [org.hibernate.engine.transaction.jta.platform.internal.NoJtaPlatform]
]]></system-err>
  </testcase>
</testsuite>